<?xml version="1.0" encoding="UTF-8"?>
<testsuite name="com.uwubank.uwubank.account.AccountServiceTest" tests="3" skipped="0" failures="0" errors="0" timestamp="2025-01-23T18:50:55" hostname="kamcio" time="0.502">
  <properties/>
  <testcase name="updateBalanceUp_ValidAccount_UpdatesBalance()" classname="com.uwubank.uwubank.account.AccountServiceTest" time="0.494"/>
  <testcase name="updateBalanceUp_InvalidAccount_ThrowsException()" classname="com.uwubank.uwubank.account.AccountServiceTest" time="0.003"/>
  <testcase name="createAccount_ValidCustomer_CreatesAccount()" classname="com.uwubank.uwubank.account.AccountServiceTest" time="0.004"/>
  <system-out><![CDATA[]]></system-out>
  <system-err><![CDATA[WARNING: A Java agent has been loaded dynamically (/home/kamcio/.gradle/caches/modules-2/files-2.1/net.bytebuddy/byte-buddy-agent/1.14.19/154da3a65b4f4a909d3e5bdec55d1b2b4cbb6ce1/byte-buddy-agent-1.14.19.jar)
WARNING: If a serviceability tool is in use, please run with -XX:+EnableDynamicAgentLoading to hide this warning
WARNING: If a serviceability tool is not in use, please run with -Djdk.instrument.traceUsage for more information
WARNING: Dynamic loading of agents will be disallowed by default in a future release
]]></system-err>
</testsuite>
