<?xml version="1.0" encoding="UTF-8"?>
<testsuite name="com.uwubank.uwubank.transactions.TransactionsServiceTest" tests="2" skipped="0" failures="0" errors="0" timestamp="2025-01-23T18:50:56" hostname="kamcio" time="0.077">
  <properties/>
  <testcase name="executeOutcome_InsufficientFunds_ThrowsException()" classname="com.uwubank.uwubank.transactions.TransactionsServiceTest" time="0.071"/>
  <testcase name="executeIncome_ValidTransaction_UpdatesBalance()" classname="com.uwubank.uwubank.transactions.TransactionsServiceTest" time="0.004"/>
  <system-out><![CDATA[]]></system-out>
  <system-err><![CDATA[]]></system-err>
</testsuite>
