<?xml version="1.0" encoding="UTF-8"?>
<testsuite name="com.uwubank.uwubank.transfer.TransferServiceTest" tests="2" skipped="0" failures="0" errors="0" timestamp="2025-01-23T18:50:56" hostname="kamcio" time="0.051">
  <properties/>
  <testcase name="executeOwnTransfer_ValidTransfer_UpdatesBalances()" classname="com.uwubank.uwubank.transfer.TransferServiceTest" time="0.048"/>
  <testcase name="executeTransfer_ValidTransfer_UpdatesBalances()" classname="com.uwubank.uwubank.transfer.TransferServiceTest" time="0.002"/>
  <system-out><![CDATA[]]></system-out>
  <system-err><![CDATA[]]></system-err>
</testsuite>
